# JRE version: OpenJDK Runtime Environment Temurin-17.0.1+12 (17.0.1+12) (build 17.0.1+12)
# Java VM: OpenJDK 64-Bit Server VM Temurin-17.0.1+12 (17.0.1+12, mixed mode, tiered, compressed oops, compressed class ptrs, parallel gc, windows-amd64)
GC Precious Log:
 CPUs: 8 total, 8 available
 Memory: 8050M
 Large Page Support: Disabled
 NUMA Support: Disabled
 Compressed Oops: Enabled (32-bit)
 Alignments: Space 512K, Generation 512K, Heap 2M
 Heap Min Capacity: 100M
 Heap Initial Capacity: 100M
 Heap Max Capacity: 1G
 Pre-touch: Disabled
 Parallel Workers: 8
Heap:
 PSYoungGen      total 3072K, used 1284K [0x00000000eab00000, 0x00000000eb000000, 0x0000000100000000)
  eden space 1536K, 0% used [0x00000000eab00000,0x00000000eab00000,0x00000000eac80000)
  from space 1536K, 83% used [0x00000000eae80000,0x00000000eafc1000,0x00000000eb000000)
  to   space 1536K, 0% used [0x00000000ead00000,0x00000000ead00000,0x00000000eae80000)
 ParOldGen       total 132608K, used 131817K [0x00000000c0000000, 0x00000000c8180000, 0x00000000eab00000)
  object space 132608K, 99% used [0x00000000c0000000,0x00000000c80ba678,0x00000000c8180000)
 Metaspace       used 67063K, committed 67840K, reserved 1114112K
  class space    used 6710K, committed 7040K, reserved 1048576K
GC Heap History (20 events):
Event: 763.854 GC heap after
{Heap after GC invocations=987 (full 15):
 PSYoungGen      total 3072K, used 416K [0x00000000eab00000, 0x00000000eb000000, 0x0000000100000000)
  eden space 2560K, 0% used [0x00000000eab00000,0x00000000eab00000,0x00000000ead80000)
  from space 512K, 81% used [0x00000000eae80000,0x00000000eaee8000,0x00000000eaf00000)
  to   space 1024K, 0% used [0x00000000eaf00000,0x00000000eaf00000,0x00000000eb000000)
 ParOldGen       total 132608K, used 125026K [0x00000000c0000000, 0x00000000c8180000, 0x00000000eab00000)
  object space 132608K, 94% used [0x00000000c0000000,0x00000000c7a18978,0x00000000c8180000)
 Metaspace       used 67015K, committed 67776K, reserved 1114112K
  class space    used 6707K, committed 7040K, reserved 1048576K
}
Event: 1352.972 GC heap before
{Heap before GC invocations=988 (full 15):
 PSYoungGen      total 3072K, used 2976K [0x00000000eab00000, 0x00000000eb000000, 0x0000000100000000)
  eden space 2560K, 100% used [0x00000000eab00000,0x00000000ead80000,0x00000000ead80000)
  from space 512K, 81% used [0x00000000eae80000,0x00000000eaee8000,0x00000000eaf00000)
  to   space 1024K, 0% used [0x00000000eaf00000,0x00000000eaf00000,0x00000000eb000000)
 ParOldGen       total 132608K, used 125026K [0x00000000c0000000, 0x00000000c8180000, 0x00000000eab00000)
  object space 132608K, 94% used [0x00000000c0000000,0x00000000c7a18978,0x00000000c8180000)
 Metaspace       used 67026K, committed 67776K, reserved 1114112K
  class space    used 6709K, committed 7040K, reserved 1048576K
}
Event: 1352.975 GC heap after
{Heap after GC invocations=988 (full 15):
 PSYoungGen      total 3072K, used 224K [0x00000000eab00000, 0x00000000eaf80000, 0x0000000100000000)
  eden space 2560K, 0% used [0x00000000eab00000,0x00000000eab00000,0x00000000ead80000)
  from space 512K, 43% used [0x00000000eaf00000,0x00000000eaf38000,0x00000000eaf80000)
  to   space 512K, 0% used [0x00000000eae80000,0x00000000eae80000,0x00000000eaf00000)
 ParOldGen       total 132608K, used 125098K [0x00000000c0000000, 0x00000000c8180000, 0x00000000eab00000)
  object space 132608K, 94% used [0x00000000c0000000,0x00000000c7a2a978,0x00000000c8180000)
 Metaspace       used 67026K, committed 67776K, reserved 1114112K
  class space    used 6709K, committed 7040K, reserved 1048576K
}
Event: 1353.394 GC heap before
{Heap before GC invocations=989 (full 15):
 PSYoungGen      total 3072K, used 2784K [0x00000000eab00000, 0x00000000eaf80000, 0x0000000100000000)
  eden space 2560K, 100% used [0x00000000eab00000,0x00000000ead80000,0x00000000ead80000)
  from space 512K, 43% used [0x00000000eaf00000,0x00000000eaf38000,0x00000000eaf80000)
  to   space 512K, 0% used [0x00000000eae80000,0x00000000eae80000,0x00000000eaf00000)
 ParOldGen       total 132608K, used 125098K [0x00000000c0000000, 0x00000000c8180000, 0x00000000eab00000)
  object space 132608K, 94% used [0x00000000c0000000,0x00000000c7a2a978,0x00000000c8180000)
 Metaspace       used 67063K, committed 67840K, reserved 1114112K
  class space    used 6710K, committed 7040K, reserved 1048576K
}
Event: 1353.398 GC heap after
{Heap after GC invocations=989 (full 15):
 PSYoungGen      total 3072K, used 487K [0x00000000eab00000, 0x00000000eb080000, 0x0000000100000000)
  eden space 2560K, 0% used [0x00000000eab00000,0x00000000eab00000,0x00000000ead80000)
  from space 512K, 95% used [0x00000000eae80000,0x00000000eaef9e80,0x00000000eaf00000)
  to   space 1536K, 0% used [0x00000000eaf00000,0x00000000eaf00000,0x00000000eb080000)
 ParOldGen       total 132608K, used 125745K [0x00000000c0000000, 0x00000000c8180000, 0x00000000eab00000)
  object space 132608K, 94% used [0x00000000c0000000,0x00000000c7acc7f8,0x00000000c8180000)
 Metaspace       used 67063K, committed 67840K, reserved 1114112K
  class space    used 6710K, committed 7040K, reserved 1048576K
}
Event: 1353.460 GC heap before
{Heap before GC invocations=990 (full 15):
 PSYoungGen      total 3072K, used 3047K [0x00000000eab00000, 0x00000000eb080000, 0x0000000100000000)
  eden space 2560K, 100% used [0x00000000eab00000,0x00000000ead80000,0x00000000ead80000)
  from space 512K, 95% used [0x00000000eae80000,0x00000000eaef9e80,0x00000000eaf00000)
  to   space 1536K, 0% used [0x00000000eaf00000,0x00000000eaf00000,0x00000000eb080000)
 ParOldGen       total 132608K, used 125745K [0x00000000c0000000, 0x00000000c8180000, 0x00000000eab00000)
  object space 132608K, 94% used [0x00000000c0000000,0x00000000c7acc7f8,0x00000000c8180000)
 Metaspace       used 67063K, committed 67840K, reserved 1114112K
  class space    used 6710K, committed 7040K, reserved 1048576K
}
Event: 1353.467 GC heap after
{Heap after GC invocations=990 (full 15):
 PSYoungGen      total 2048K, used 1536K [0x00000000eab00000, 0x00000000eb480000, 0x0000000100000000)
  eden space 512K, 0% used [0x00000000eab00000,0x00000000eab00000,0x00000000eab80000)
  from space 1536K, 100% used [0x00000000eaf00000,0x00000000eb080000,0x00000000eb080000)
  to   space 3584K, 0% used [0x00000000eab80000,0x00000000eab80000,0x00000000eaf00000)
 ParOldGen       total 132608K, used 127209K [0x00000000c0000000, 0x00000000c8180000, 0x00000000eab00000)
  object space 132608K, 95% used [0x00000000c0000000,0x00000000c7c3a678,0x00000000c8180000)
 Metaspace       used 67063K, committed 67840K, reserved 1114112K
  class space    used 6710K, committed 7040K, reserved 1048576K
}
Event: 1353.477 GC heap before
{Heap before GC invocations=991 (full 15):
 PSYoungGen      total 2048K, used 2048K [0x00000000eab00000, 0x00000000eb480000, 0x0000000100000000)
  eden space 512K, 100% used [0x00000000eab00000,0x00000000eab80000,0x00000000eab80000)
  from space 1536K, 100% used [0x00000000eaf00000,0x00000000eb080000,0x00000000eb080000)
  to   space 3584K, 0% used [0x00000000eab80000,0x00000000eab80000,0x00000000eaf00000)
 ParOldGen       total 132608K, used 127209K [0x00000000c0000000, 0x00000000c8180000, 0x00000000eab00000)
  object space 132608K, 95% used [0x00000000c0000000,0x00000000c7c3a678,0x00000000c8180000)
 Metaspace       used 67063K, committed 67840K, reserved 1114112K
  class space    used 6710K, committed 7040K, reserved 1048576K
}
Event: 1353.483 GC heap after
{Heap after GC invocations=991 (full 15):
 PSYoungGen      total 1536K, used 576K [0x00000000eab00000, 0x00000000eaf80000, 0x0000000100000000)
  eden space 512K, 0% used [0x00000000eab00000,0x00000000eab00000,0x00000000eab80000)
  from space 1024K, 56% used [0x00000000eab80000,0x00000000eac10000,0x00000000eac80000)
  to   space 1536K, 0% used [0x00000000eae00000,0x00000000eae00000,0x00000000eaf80000)
 ParOldGen       total 132608K, used 128785K [0x00000000c0000000, 0x00000000c8180000, 0x00000000eab00000)
  object space 132608K, 97% used [0x00000000c0000000,0x00000000c7dc4678,0x00000000c8180000)
 Metaspace       used 67063K, committed 67840K, reserved 1114112K
  class space    used 6710K, committed 7040K, reserved 1048576K
}
Event: 1353.491 GC heap before
{Heap before GC invocations=992 (full 15):
 PSYoungGen      total 1536K, used 1087K [0x00000000eab00000, 0x00000000eaf80000, 0x0000000100000000)
  eden space 512K, 99% used [0x00000000eab00000,0x00000000eab7ff78,0x00000000eab80000)
  from space 1024K, 56% used [0x00000000eab80000,0x00000000eac10000,0x00000000eac80000)
  to   space 1536K, 0% used [0x00000000eae00000,0x00000000eae00000,0x00000000eaf80000)
 ParOldGen       total 132608K, used 128785K [0x00000000c0000000, 0x00000000c8180000, 0x00000000eab00000)
  object space 132608K, 97% used [0x00000000c0000000,0x00000000c7dc4678,0x00000000c8180000)
 Metaspace       used 67063K, committed 67840K, reserved 1114112K
  class space    used 6710K, committed 7040K, reserved 1048576K
}
Event: 1353.493 GC heap after
{Heap after GC invocations=992 (full 15):
 PSYoungGen      total 1536K, used 608K [0x00000000eab00000, 0x00000000eaf00000, 0x0000000100000000)
  eden space 512K, 0% used [0x00000000eab00000,0x00000000eab00000,0x00000000eab80000)
  from space 1024K, 59% used [0x00000000eae00000,0x00000000eae98000,0x00000000eaf00000)
  to   space 1024K, 0% used [0x00000000eab80000,0x00000000eab80000,0x00000000eac80000)
 ParOldGen       total 132608K, used 129281K [0x00000000c0000000, 0x00000000c8180000, 0x00000000eab00000)
  object space 132608K, 97% used [0x00000000c0000000,0x00000000c7e40678,0x00000000c8180000)
 Metaspace       used 67063K, committed 67840K, reserved 1114112K
  class space    used 6710K, committed 7040K, reserved 1048576K
}
Event: 1353.503 GC heap before
{Heap before GC invocations=993 (full 15):
 PSYoungGen      total 1536K, used 1120K [0x00000000eab00000, 0x00000000eaf00000, 0x0000000100000000)
  eden space 512K, 100% used [0x00000000eab00000,0x00000000eab80000,0x00000000eab80000)
  from space 1024K, 59% used [0x00000000eae00000,0x00000000eae98000,0x00000000eaf00000)
  to   space 1024K, 0% used [0x00000000eab80000,0x00000000eab80000,0x00000000eac80000)
 ParOldGen       total 132608K, used 129281K [0x00000000c0000000, 0x00000000c8180000, 0x00000000eab00000)
  object space 132608K, 97% used [0x00000000c0000000,0x00000000c7e40678,0x00000000c8180000)
 Metaspace       used 67063K, committed 67840K, reserved 1114112K
  class space    used 6710K, committed 7040K, reserved 1048576K
}
Event: 1353.506 GC heap after
{Heap after GC invocations=993 (full 15):
 PSYoungGen      total 1536K, used 576K [0x00000000eab00000, 0x00000000eae80000, 0x0000000100000000)
  eden space 512K, 0% used [0x00000000eab00000,0x00000000eab00000,0x00000000eab80000)
  from space 1024K, 56% used [0x00000000eab80000,0x00000000eac10000,0x00000000eac80000)
  to   space 1024K, 0% used [0x00000000ead80000,0x00000000ead80000,0x00000000eae80000)
 ParOldGen       total 132608K, used 129777K [0x00000000c0000000, 0x00000000c8180000, 0x00000000eab00000)
  object space 132608K, 97% used [0x00000000c0000000,0x00000000c7ebc678,0x00000000c8180000)
 Metaspace       used 67063K, committed 67840K, reserved 1114112K
  class space    used 6710K, committed 7040K, reserved 1048576K
}
Event: 1353.510 GC heap before
{Heap before GC invocations=994 (full 15):
 PSYoungGen      total 1536K, used 1088K [0x00000000eab00000, 0x00000000eae80000, 0x0000000100000000)
  eden space 512K, 100% used [0x00000000eab00000,0x00000000eab80000,0x00000000eab80000)
  from space 1024K, 56% used [0x00000000eab80000,0x00000000eac10000,0x00000000eac80000)
  to   space 1024K, 0% used [0x00000000ead80000,0x00000000ead80000,0x00000000eae80000)
 ParOldGen       total 132608K, used 129777K [0x00000000c0000000, 0x00000000c8180000, 0x00000000eab00000)
  object space 132608K, 97% used [0x00000000c0000000,0x00000000c7ebc678,0x00000000c8180000)
 Metaspace       used 67063K, committed 67840K, reserved 1114112K
  class space    used 6710K, committed 7040K, reserved 1048576K
}
Event: 1353.515 GC heap after
{Heap after GC invocations=994 (full 15):
 PSYoungGen      total 2048K, used 576K [0x00000000eab00000, 0x00000000eae80000, 0x0000000100000000)
  eden space 1024K, 0% used [0x00000000eab00000,0x00000000eab00000,0x00000000eac00000)
  from space 1024K, 56% used [0x00000000ead80000,0x00000000eae10000,0x00000000eae80000)
  to   space 1024K, 0% used [0x00000000eac80000,0x00000000eac80000,0x00000000ead80000)
 ParOldGen       total 132608K, used 130281K [0x00000000c0000000, 0x00000000c8180000, 0x00000000eab00000)
  object space 132608K, 98% used [0x00000000c0000000,0x00000000c7f3a678,0x00000000c8180000)
 Metaspace       used 67063K, committed 67840K, reserved 1114112K
  class space    used 6710K, committed 7040K, reserved 1048576K
}
Event: 1353.525 GC heap before
{Heap before GC invocations=995 (full 15):
 PSYoungGen      total 2048K, used 1600K [0x00000000eab00000, 0x00000000eae80000, 0x0000000100000000)
  eden space 1024K, 100% used [0x00000000eab00000,0x00000000eac00000,0x00000000eac00000)
  from space 1024K, 56% used [0x00000000ead80000,0x00000000eae10000,0x00000000eae80000)
  to   space 1024K, 0% used [0x00000000eac80000,0x00000000eac80000,0x00000000ead80000)
 ParOldGen       total 132608K, used 130281K [0x00000000c0000000, 0x00000000c8180000, 0x00000000eab00000)
  object space 132608K, 98% used [0x00000000c0000000,0x00000000c7f3a678,0x00000000c8180000)
 Metaspace       used 67063K, committed 67840K, reserved 1114112K
  class space    used 6710K, committed 7040K, reserved 1048576K
}
Event: 1353.528 GC heap after
{Heap after GC invocations=995 (full 15):
 PSYoungGen      total 2560K, used 1024K [0x00000000eab00000, 0x00000000eb080000, 0x0000000100000000)
  eden space 1536K, 0% used [0x00000000eab00000,0x00000000eab00000,0x00000000eac80000)
  from space 1024K, 100% used [0x00000000eac80000,0x00000000ead80000,0x00000000ead80000)
  to   space 2048K, 0% used [0x00000000eae80000,0x00000000eae80000,0x00000000eb080000)
 ParOldGen       total 132608K, used 130785K [0x00000000c0000000, 0x00000000c8180000, 0x00000000eab00000)
  object space 132608K, 98% used [0x00000000c0000000,0x00000000c7fb8678,0x00000000c8180000)
 Metaspace       used 67063K, committed 67840K, reserved 1114112K
  class space    used 6710K, committed 7040K, reserved 1048576K
}
Event: 1353.550 GC heap before
{Heap before GC invocations=996 (full 15):
 PSYoungGen      total 2560K, used 2414K [0x00000000eab00000, 0x00000000eb080000, 0x0000000100000000)
  eden space 1536K, 90% used [0x00000000eab00000,0x00000000eac5b838,0x00000000eac80000)
  from space 1024K, 100% used [0x00000000eac80000,0x00000000ead80000,0x00000000ead80000)
  to   space 2048K, 0% used [0x00000000eae80000,0x00000000eae80000,0x00000000eb080000)
 ParOldGen       total 132608K, used 130785K [0x00000000c0000000, 0x00000000c8180000, 0x00000000eab00000)
  object space 132608K, 98% used [0x00000000c0000000,0x00000000c7fb8678,0x00000000c8180000)
 Metaspace       used 67063K, committed 67840K, reserved 1114112K
  class space    used 6710K, committed 7040K, reserved 1048576K
}
Event: 1353.552 GC heap after
{Heap after GC invocations=996 (full 15):
 PSYoungGen      total 3072K, used 1284K [0x00000000eab00000, 0x00000000eb000000, 0x0000000100000000)
  eden space 1536K, 0% used [0x00000000eab00000,0x00000000eab00000,0x00000000eac80000)
  from space 1536K, 83% used [0x00000000eae80000,0x00000000eafc1000,0x00000000eb000000)
  to   space 1536K, 0% used [0x00000000ead00000,0x00000000ead00000,0x00000000eae80000)
 ParOldGen       total 132608K, used 131817K [0x00000000c0000000, 0x00000000c8180000, 0x00000000eab00000)
  object space 132608K, 99% used [0x00000000c0000000,0x00000000c80ba678,0x00000000c8180000)
 Metaspace       used 67063K, committed 67840K, reserved 1114112K
  class space    used 6710K, committed 7040K, reserved 1048576K
}
Event: 1353.553 GC heap before
{Heap before GC invocations=997 (full 16):
 PSYoungGen      total 3072K, used 1284K [0x00000000eab00000, 0x00000000eb000000, 0x0000000100000000)
  eden space 1536K, 0% used [0x00000000eab00000,0x00000000eab00000,0x00000000eac80000)
  from space 1536K, 83% used [0x00000000eae80000,0x00000000eafc1000,0x00000000eb000000)
  to   space 1536K, 0% used [0x00000000ead00000,0x00000000ead00000,0x00000000eae80000)
 ParOldGen       total 132608K, used 131817K [0x00000000c0000000, 0x00000000c8180000, 0x00000000eab00000)
  object space 132608K, 99% used [0x00000000c0000000,0x00000000c80ba678,0x00000000c8180000)
 Metaspace       used 67063K, committed 67840K, reserved 1114112K
  class space    used 6710K, committed 7040K, reserved 1048576K
}

